{"/Users/wonghejun/Desktop/DevSecOpsTest/DevSecOpsTest/controllers/todo.controller.js": {"path":"/Users/wonghejun/Desktop/DevSecOpsTest/DevSecOpsTest/controllers/todo.controller.js","statementMap":{"0":{"start":{"line":1,"column":18},"end":{"line":1,"column":48}},"1":{"start":{"line":2,"column":21},"end":{"line":2,"column":51}},"2":{"start":{"line":4,"column":0},"end":{"line":7,"column":3}},"3":{"start":{"line":5,"column":25},"end":{"line":5,"column":57}},"4":{"start":{"line":6,"column":4},"end":{"line":6,"column":39}},"5":{"start":{"line":9,"column":0},"end":{"line":12,"column":3}},"6":{"start":{"line":10,"column":21},"end":{"line":10,"column":45}},"7":{"start":{"line":11,"column":4},"end":{"line":11,"column":35}},"8":{"start":{"line":14,"column":0},"end":{"line":17,"column":3}},"9":{"start":{"line":15,"column":17},"end":{"line":15,"column":60}},"10":{"start":{"line":16,"column":4},"end":{"line":16,"column":69}},"11":{"start":{"line":19,"column":0},"end":{"line":22,"column":3}},"12":{"start":{"line":20,"column":24},"end":{"line":20,"column":125}},"13":{"start":{"line":21,"column":4},"end":{"line":21,"column":77}},"14":{"start":{"line":24,"column":0},"end":{"line":27,"column":3}},"15":{"start":{"line":25,"column":24},"end":{"line":25,"column":76}},"16":{"start":{"line":26,"column":4},"end":{"line":26,"column":77}}},"fnMap":{"0":{"name":"(anonymous_0)","decl":{"start":{"line":4,"column":34},"end":{"line":4,"column":35}},"loc":{"start":{"line":4,"column":60},"end":{"line":7,"column":1}},"line":4},"1":{"name":"(anonymous_1)","decl":{"start":{"line":9,"column":32},"end":{"line":9,"column":33}},"loc":{"start":{"line":9,"column":58},"end":{"line":12,"column":1}},"line":9},"2":{"name":"(anonymous_2)","decl":{"start":{"line":14,"column":35},"end":{"line":14,"column":36}},"loc":{"start":{"line":14,"column":61},"end":{"line":17,"column":1}},"line":14},"3":{"name":"(anonymous_3)","decl":{"start":{"line":19,"column":34},"end":{"line":19,"column":35}},"loc":{"start":{"line":19,"column":60},"end":{"line":22,"column":1}},"line":19},"4":{"name":"(anonymous_4)","decl":{"start":{"line":24,"column":34},"end":{"line":24,"column":35}},"loc":{"start":{"line":24,"column":60},"end":{"line":27,"column":1}},"line":24}},"branchMap":{"0":{"loc":{"start":{"line":16,"column":4},"end":{"line":16,"column":68}},"type":"cond-expr","locations":[{"start":{"line":16,"column":13},"end":{"line":16,"column":39}},{"start":{"line":16,"column":42},"end":{"line":16,"column":68}}],"line":16},"1":{"loc":{"start":{"line":21,"column":4},"end":{"line":21,"column":76}},"type":"cond-expr","locations":[{"start":{"line":21,"column":18},"end":{"line":21,"column":51}},{"start":{"line":21,"column":54},"end":{"line":21,"column":76}}],"line":21},"2":{"loc":{"start":{"line":26,"column":4},"end":{"line":26,"column":76}},"type":"cond-expr","locations":[{"start":{"line":26,"column":18},"end":{"line":26,"column":51}},{"start":{"line":26,"column":54},"end":{"line":26,"column":76}}],"line":26}},"s":{"0":1,"1":1,"2":1,"3":4,"4":3,"5":1,"6":3,"7":2,"8":1,"9":4,"10":3,"11":1,"12":4,"13":3,"14":1,"15":4,"16":3},"f":{"0":4,"1":3,"2":4,"3":4,"4":4},"b":{"0":[1,2],"1":[1,2],"2":[1,2]},"_coverageSchema":"1a1c01bbd47fc00a2c39e90264f33305004495a9","hash":"e840e7a341ee58777372102129067d4c14e031a6"}
,"/Users/wonghejun/Desktop/DevSecOpsTest/DevSecOpsTest/middleware/async.js": {"path":"/Users/wonghejun/Desktop/DevSecOpsTest/DevSecOpsTest/middleware/async.js","statementMap":{"0":{"start":{"line":1,"column":21},"end":{"line":2,"column":51}},"1":{"start":{"line":1,"column":27},"end":{"line":2,"column":51}},"2":{"start":{"line":2,"column":4},"end":{"line":2,"column":51}},"3":{"start":{"line":4,"column":0},"end":{"line":4,"column":30}}},"fnMap":{"0":{"name":"(anonymous_0)","decl":{"start":{"line":1,"column":21},"end":{"line":1,"column":22}},"loc":{"start":{"line":1,"column":27},"end":{"line":2,"column":51}},"line":1},"1":{"name":"(anonymous_1)","decl":{"start":{"line":1,"column":27},"end":{"line":1,"column":28}},"loc":{"start":{"line":2,"column":4},"end":{"line":2,"column":51}},"line":2}},"branchMap":{},"s":{"0":1,"1":5,"2":19,"3":1},"f":{"0":5,"1":19},"b":{},"_coverageSchema":"1a1c01bbd47fc00a2c39e90264f33305004495a9","hash":"7ca9dd6933aeb39984e2be16b6162a5f30d43ef8"}
,"/Users/wonghejun/Desktop/DevSecOpsTest/DevSecOpsTest/model/todo.model.js": {"path":"/Users/wonghejun/Desktop/DevSecOpsTest/DevSecOpsTest/model/todo.model.js","statementMap":{"0":{"start":{"line":1,"column":17},"end":{"line":1,"column":36}},"1":{"start":{"line":3,"column":19},"end":{"line":14,"column":2}},"2":{"start":{"line":16,"column":18},"end":{"line":16,"column":52}},"3":{"start":{"line":18,"column":0},"end":{"line":18,"column":27}}},"fnMap":{},"branchMap":{},"s":{"0":1,"1":1,"2":1,"3":1},"f":{},"b":{},"_coverageSchema":"1a1c01bbd47fc00a2c39e90264f33305004495a9","hash":"422bd5f9fb2e8c8b1d8b84d6aeb27ae626d40b45"}
}
