{"/Users/wonghejun/Desktop/DevSecOpsTest/DevSecOpsTest/app.js": {"path":"/Users/wonghejun/Desktop/DevSecOpsTest/DevSecOpsTest/app.js","statementMap":{"0":{"start":{"line":1,"column":16},"end":{"line":1,"column":34}},"1":{"start":{"line":2,"column":12},"end":{"line":2,"column":21}},"2":{"start":{"line":3,"column":18},"end":{"line":3,"column":40}},"3":{"start":{"line":4,"column":15},"end":{"line":4,"column":32}},"4":{"start":{"line":5,"column":15},"end":{"line":5,"column":32}},"5":{"start":{"line":6,"column":13},"end":{"line":6,"column":28}},"6":{"start":{"line":7,"column":15},"end":{"line":7,"column":32}},"7":{"start":{"line":8,"column":16},"end":{"line":8,"column":48}},"8":{"start":{"line":9,"column":18},"end":{"line":9,"column":47}},"9":{"start":{"line":10,"column":12},"end":{"line":10,"column":26}},"10":{"start":{"line":11,"column":22},"end":{"line":11,"column":55}},"11":{"start":{"line":14,"column":0},"end":{"line":14,"column":47}},"12":{"start":{"line":16,"column":0},"end":{"line":16,"column":24}},"13":{"start":{"line":18,"column":0},"end":{"line":18,"column":12}},"14":{"start":{"line":21,"column":0},"end":{"line":23,"column":1}},"15":{"start":{"line":22,"column":4},"end":{"line":22,"column":27}},"16":{"start":{"line":26,"column":0},"end":{"line":26,"column":26}},"17":{"start":{"line":29,"column":21},"end":{"line":29,"column":64}},"18":{"start":{"line":31,"column":16},"end":{"line":37,"column":2}},"19":{"start":{"line":36,"column":31},"end":{"line":36,"column":64}},"20":{"start":{"line":39,"column":0},"end":{"line":39,"column":17}},"21":{"start":{"line":42,"column":0},"end":{"line":42,"column":25}},"22":{"start":{"line":45,"column":0},"end":{"line":45,"column":18}},"23":{"start":{"line":48,"column":0},"end":{"line":48,"column":15}},"24":{"start":{"line":51,"column":0},"end":{"line":51,"column":15}},"25":{"start":{"line":54,"column":0},"end":{"line":54,"column":16}},"26":{"start":{"line":57,"column":19},"end":{"line":57,"column":50}},"27":{"start":{"line":60,"column":0},"end":{"line":60,"column":30}},"28":{"start":{"line":63,"column":0},"end":{"line":67,"column":5}},"29":{"start":{"line":64,"column":4},"end":{"line":66,"column":7}},"30":{"start":{"line":70,"column":0},"end":{"line":73,"column":3}},"31":{"start":{"line":71,"column":4},"end":{"line":71,"column":23}},"32":{"start":{"line":72,"column":4},"end":{"line":72,"column":51}},"33":{"start":{"line":75,"column":0},"end":{"line":77,"column":3}},"34":{"start":{"line":76,"column":4},"end":{"line":76,"column":29}},"35":{"start":{"line":79,"column":0},"end":{"line":79,"column":21}}},"fnMap":{"0":{"name":"(anonymous_0)","decl":{"start":{"line":36,"column":8},"end":{"line":36,"column":9}},"loc":{"start":{"line":36,"column":31},"end":{"line":36,"column":64}},"line":36},"1":{"name":"(anonymous_1)","decl":{"start":{"line":63,"column":19},"end":{"line":63,"column":20}},"loc":{"start":{"line":63,"column":33},"end":{"line":67,"column":3}},"line":63},"2":{"name":"(anonymous_2)","decl":{"start":{"line":70,"column":8},"end":{"line":70,"column":9}},"loc":{"start":{"line":70,"column":35},"end":{"line":73,"column":1}},"line":70},"3":{"name":"(anonymous_3)","decl":{"start":{"line":75,"column":13},"end":{"line":75,"column":14}},"loc":{"start":{"line":75,"column":27},"end":{"line":77,"column":1}},"line":75}},"branchMap":{"0":{"loc":{"start":{"line":21,"column":0},"end":{"line":23,"column":1}},"type":"if","locations":[{"start":{"line":21,"column":0},"end":{"line":23,"column":1}},{"start":{},"end":{}}],"line":21},"1":{"loc":{"start":{"line":29,"column":22},"end":{"line":29,"column":52}},"type":"binary-expr","locations":[{"start":{"line":29,"column":22},"end":{"line":29,"column":46}},{"start":{"line":29,"column":50},"end":{"line":29,"column":52}}],"line":29}},"s":{"0":1,"1":1,"2":1,"3":1,"4":1,"5":1,"6":1,"7":1,"8":1,"9":1,"10":1,"11":1,"12":1,"13":1,"14":1,"15":0,"16":1,"17":1,"18":1,"19":7,"20":1,"21":1,"22":1,"23":1,"24":1,"25":1,"26":1,"27":1,"28":1,"29":0,"30":1,"31":3,"32":3,"33":1,"34":0,"35":1},"f":{"0":7,"1":0,"2":3,"3":0},"b":{"0":[0,1],"1":[1,1]},"_coverageSchema":"1a1c01bbd47fc00a2c39e90264f33305004495a9","hash":"7bfe33eba5b5d7e3d54575a58d45674884ca9dc1"}
,"/Users/wonghejun/Desktop/DevSecOpsTest/DevSecOpsTest/config/db.js": {"path":"/Users/wonghejun/Desktop/DevSecOpsTest/DevSecOpsTest/config/db.js","statementMap":{"0":{"start":{"line":1,"column":17},"end":{"line":1,"column":36}},"1":{"start":{"line":3,"column":11},"end":{"line":3,"column":32}},"2":{"start":{"line":5,"column":18},"end":{"line":13,"column":1}},"3":{"start":{"line":6,"column":4},"end":{"line":6,"column":39}},"4":{"start":{"line":8,"column":17},"end":{"line":11,"column":6}},"5":{"start":{"line":12,"column":4},"end":{"line":12,"column":62}},"6":{"start":{"line":15,"column":0},"end":{"line":15,"column":27}}},"fnMap":{"0":{"name":"(anonymous_0)","decl":{"start":{"line":5,"column":18},"end":{"line":5,"column":19}},"loc":{"start":{"line":5,"column":30},"end":{"line":13,"column":1}},"line":5}},"branchMap":{},"s":{"0":1,"1":1,"2":1,"3":1,"4":1,"5":0,"6":1},"f":{"0":1},"b":{},"_coverageSchema":"1a1c01bbd47fc00a2c39e90264f33305004495a9","hash":"068f81c7decfdfe2f19513a4f6833e5ed15e1da2"}
,"/Users/wonghejun/Desktop/DevSecOpsTest/DevSecOpsTest/controllers/todo.controller.js": {"path":"/Users/wonghejun/Desktop/DevSecOpsTest/DevSecOpsTest/controllers/todo.controller.js","statementMap":{"0":{"start":{"line":1,"column":18},"end":{"line":1,"column":48}},"1":{"start":{"line":2,"column":21},"end":{"line":2,"column":51}},"2":{"start":{"line":4,"column":0},"end":{"line":7,"column":3}},"3":{"start":{"line":5,"column":25},"end":{"line":5,"column":57}},"4":{"start":{"line":6,"column":4},"end":{"line":6,"column":39}},"5":{"start":{"line":9,"column":0},"end":{"line":12,"column":3}},"6":{"start":{"line":10,"column":21},"end":{"line":10,"column":45}},"7":{"start":{"line":11,"column":4},"end":{"line":11,"column":35}},"8":{"start":{"line":14,"column":0},"end":{"line":17,"column":3}},"9":{"start":{"line":15,"column":17},"end":{"line":15,"column":60}},"10":{"start":{"line":16,"column":4},"end":{"line":16,"column":69}},"11":{"start":{"line":19,"column":0},"end":{"line":22,"column":3}},"12":{"start":{"line":20,"column":24},"end":{"line":20,"column":125}},"13":{"start":{"line":21,"column":4},"end":{"line":21,"column":77}},"14":{"start":{"line":24,"column":0},"end":{"line":27,"column":3}},"15":{"start":{"line":25,"column":24},"end":{"line":25,"column":76}},"16":{"start":{"line":26,"column":4},"end":{"line":26,"column":77}}},"fnMap":{"0":{"name":"(anonymous_0)","decl":{"start":{"line":4,"column":34},"end":{"line":4,"column":35}},"loc":{"start":{"line":4,"column":60},"end":{"line":7,"column":1}},"line":4},"1":{"name":"(anonymous_1)","decl":{"start":{"line":9,"column":32},"end":{"line":9,"column":33}},"loc":{"start":{"line":9,"column":58},"end":{"line":12,"column":1}},"line":9},"2":{"name":"(anonymous_2)","decl":{"start":{"line":14,"column":35},"end":{"line":14,"column":36}},"loc":{"start":{"line":14,"column":61},"end":{"line":17,"column":1}},"line":14},"3":{"name":"(anonymous_3)","decl":{"start":{"line":19,"column":34},"end":{"line":19,"column":35}},"loc":{"start":{"line":19,"column":60},"end":{"line":22,"column":1}},"line":19},"4":{"name":"(anonymous_4)","decl":{"start":{"line":24,"column":34},"end":{"line":24,"column":35}},"loc":{"start":{"line":24,"column":60},"end":{"line":27,"column":1}},"line":24}},"branchMap":{"0":{"loc":{"start":{"line":16,"column":4},"end":{"line":16,"column":68}},"type":"cond-expr","locations":[{"start":{"line":16,"column":13},"end":{"line":16,"column":39}},{"start":{"line":16,"column":42},"end":{"line":16,"column":68}}],"line":16},"1":{"loc":{"start":{"line":21,"column":4},"end":{"line":21,"column":76}},"type":"cond-expr","locations":[{"start":{"line":21,"column":18},"end":{"line":21,"column":51}},{"start":{"line":21,"column":54},"end":{"line":21,"column":76}}],"line":21},"2":{"loc":{"start":{"line":26,"column":4},"end":{"line":26,"column":76}},"type":"cond-expr","locations":[{"start":{"line":26,"column":18},"end":{"line":26,"column":51}},{"start":{"line":26,"column":54},"end":{"line":26,"column":76}}],"line":26}},"s":{"0":2,"1":2,"2":2,"3":4,"4":3,"5":2,"6":4,"7":2,"8":2,"9":5,"10":3,"11":2,"12":5,"13":3,"14":2,"15":6,"16":3},"f":{"0":4,"1":4,"2":5,"3":5,"4":6},"b":{"0":[1,2],"1":[1,2],"2":[1,2]},"_coverageSchema":"1a1c01bbd47fc00a2c39e90264f33305004495a9","hash":"e840e7a341ee58777372102129067d4c14e031a6"}
,"/Users/wonghejun/Desktop/DevSecOpsTest/DevSecOpsTest/middleware/async.js": {"path":"/Users/wonghejun/Desktop/DevSecOpsTest/DevSecOpsTest/middleware/async.js","statementMap":{"0":{"start":{"line":1,"column":21},"end":{"line":2,"column":51}},"1":{"start":{"line":1,"column":27},"end":{"line":2,"column":51}},"2":{"start":{"line":2,"column":4},"end":{"line":2,"column":51}},"3":{"start":{"line":4,"column":0},"end":{"line":4,"column":30}}},"fnMap":{"0":{"name":"(anonymous_0)","decl":{"start":{"line":1,"column":21},"end":{"line":1,"column":22}},"loc":{"start":{"line":1,"column":27},"end":{"line":2,"column":51}},"line":1},"1":{"name":"(anonymous_1)","decl":{"start":{"line":1,"column":27},"end":{"line":1,"column":28}},"loc":{"start":{"line":2,"column":4},"end":{"line":2,"column":51}},"line":2}},"branchMap":{},"s":{"0":2,"1":12,"2":28,"3":2},"f":{"0":12,"1":28},"b":{},"_coverageSchema":"1a1c01bbd47fc00a2c39e90264f33305004495a9","hash":"7ca9dd6933aeb39984e2be16b6162a5f30d43ef8"}
,"/Users/wonghejun/Desktop/DevSecOpsTest/DevSecOpsTest/middleware/auth.js": {"path":"/Users/wonghejun/Desktop/DevSecOpsTest/DevSecOpsTest/middleware/auth.js","statementMap":{"0":{"start":{"line":2,"column":21},"end":{"line":2,"column":51}},"1":{"start":{"line":4,"column":0},"end":{"line":40,"column":4}},"2":{"start":{"line":5,"column":19},"end":{"line":5,"column":43}},"3":{"start":{"line":6,"column":22},"end":{"line":6,"column":46}},"4":{"start":{"line":7,"column":22},"end":{"line":7,"column":46}},"5":{"start":{"line":10,"column":4},"end":{"line":12,"column":5}},"6":{"start":{"line":11,"column":8},"end":{"line":11,"column":77}},"7":{"start":{"line":15,"column":24},"end":{"line":15,"column":34}},"8":{"start":{"line":18,"column":22},"end":{"line":18,"column":27}},"9":{"start":{"line":21,"column":4},"end":{"line":23,"column":5}},"10":{"start":{"line":22,"column":8},"end":{"line":22,"column":70}},"11":{"start":{"line":26,"column":30},"end":{"line":29,"column":22}},"12":{"start":{"line":32,"column":26},"end":{"line":32,"column":58}},"13":{"start":{"line":33,"column":29},"end":{"line":33,"column":69}},"14":{"start":{"line":34,"column":4},"end":{"line":36,"column":5}},"15":{"start":{"line":35,"column":8},"end":{"line":35,"column":70}},"16":{"start":{"line":39,"column":4},"end":{"line":39,"column":11}}},"fnMap":{"0":{"name":"(anonymous_0)","decl":{"start":{"line":4,"column":44},"end":{"line":4,"column":45}},"loc":{"start":{"line":4,"column":70},"end":{"line":40,"column":1}},"line":4}},"branchMap":{"0":{"loc":{"start":{"line":10,"column":4},"end":{"line":12,"column":5}},"type":"if","locations":[{"start":{"line":10,"column":4},"end":{"line":12,"column":5}},{"start":{},"end":{}}],"line":10},"1":{"loc":{"start":{"line":10,"column":8},"end":{"line":10,"column":43}},"type":"binary-expr","locations":[{"start":{"line":10,"column":8},"end":{"line":10,"column":15}},{"start":{"line":10,"column":19},"end":{"line":10,"column":29}},{"start":{"line":10,"column":33},"end":{"line":10,"column":43}}],"line":10},"2":{"loc":{"start":{"line":21,"column":4},"end":{"line":23,"column":5}},"type":"if","locations":[{"start":{"line":21,"column":4},"end":{"line":23,"column":5}},{"start":{},"end":{}}],"line":21},"3":{"loc":{"start":{"line":34,"column":4},"end":{"line":36,"column":5}},"type":"if","locations":[{"start":{"line":34,"column":4},"end":{"line":36,"column":5}},{"start":{},"end":{}}],"line":34}},"s":{"0":1,"1":1,"2":2,"3":2,"4":2,"5":2,"6":2,"7":0,"8":0,"9":0,"10":0,"11":0,"12":0,"13":0,"14":0,"15":0,"16":0},"f":{"0":2},"b":{"0":[2,0],"1":[2,0,0],"2":[0,0],"3":[0,0]},"_coverageSchema":"1a1c01bbd47fc00a2c39e90264f33305004495a9","hash":"69c6971e4bd0eda80dddff8add385e75a6fa32c7"}
,"/Users/wonghejun/Desktop/DevSecOpsTest/DevSecOpsTest/model/todo.model.js": {"path":"/Users/wonghejun/Desktop/DevSecOpsTest/DevSecOpsTest/model/todo.model.js","statementMap":{"0":{"start":{"line":1,"column":17},"end":{"line":1,"column":36}},"1":{"start":{"line":3,"column":19},"end":{"line":14,"column":2}},"2":{"start":{"line":16,"column":18},"end":{"line":16,"column":52}},"3":{"start":{"line":18,"column":0},"end":{"line":18,"column":27}}},"fnMap":{},"branchMap":{},"s":{"0":2,"1":2,"2":2,"3":2},"f":{},"b":{},"_coverageSchema":"1a1c01bbd47fc00a2c39e90264f33305004495a9","hash":"422bd5f9fb2e8c8b1d8b84d6aeb27ae626d40b45"}
,"/Users/wonghejun/Desktop/DevSecOpsTest/DevSecOpsTest/routes/todo.routes.js": {"path":"/Users/wonghejun/Desktop/DevSecOpsTest/DevSecOpsTest/routes/todo.routes.js","statementMap":{"0":{"start":{"line":1,"column":16},"end":{"line":1,"column":34}},"1":{"start":{"line":2,"column":23},"end":{"line":2,"column":64}},"2":{"start":{"line":3,"column":15},"end":{"line":3,"column":31}},"3":{"start":{"line":4,"column":20},"end":{"line":4,"column":49}},"4":{"start":{"line":6,"column":0},"end":{"line":6,"column":53}},"5":{"start":{"line":7,"column":0},"end":{"line":7,"column":41}},"6":{"start":{"line":8,"column":0},"end":{"line":8,"column":51}},"7":{"start":{"line":9,"column":0},"end":{"line":9,"column":50}},"8":{"start":{"line":10,"column":0},"end":{"line":10,"column":53}},"9":{"start":{"line":12,"column":0},"end":{"line":12,"column":24}}},"fnMap":{},"branchMap":{},"s":{"0":1,"1":1,"2":1,"3":1,"4":1,"5":1,"6":1,"7":1,"8":1,"9":1},"f":{},"b":{},"_coverageSchema":"1a1c01bbd47fc00a2c39e90264f33305004495a9","hash":"bd437a8fc7546c97703defc252e02f908d32e875"}
}
