TN:
SF:app.js
FN:36,(anonymous_0)
FN:63,(anonymous_1)
FN:70,(anonymous_2)
FN:75,(anonymous_3)
FNF:4
FNH:2
FNDA:7,(anonymous_0)
FNDA:0,(anonymous_1)
FNDA:3,(anonymous_2)
FNDA:0,(anonymous_3)
DA:1,1
DA:2,1
DA:3,1
DA:4,1
DA:5,1
DA:6,1
DA:7,1
DA:8,1
DA:9,1
DA:10,1
DA:11,1
DA:14,1
DA:16,1
DA:18,1
DA:21,1
DA:22,0
DA:26,1
DA:29,1
DA:31,1
DA:36,7
DA:39,1
DA:42,1
DA:45,1
DA:48,1
DA:51,1
DA:54,1
DA:57,1
DA:60,1
DA:63,1
DA:64,0
DA:70,1
DA:71,3
DA:72,3
DA:75,1
DA:76,0
DA:79,1
LF:36
LH:33
BRDA:21,0,0,0
BRDA:21,0,1,1
BRDA:29,1,0,1
BRDA:29,1,1,1
BRF:4
BRH:3
end_of_record
TN:
SF:config/db.js
FN:5,(anonymous_0)
FNF:1
FNH:1
FNDA:1,(anonymous_0)
DA:1,1
DA:3,1
DA:5,1
DA:6,1
DA:8,1
DA:12,0
DA:15,1
LF:7
LH:6
BRF:0
BRH:0
end_of_record
TN:
SF:controllers/todo.controller.js
FN:4,(anonymous_0)
FN:9,(anonymous_1)
FN:14,(anonymous_2)
FN:19,(anonymous_3)
FN:24,(anonymous_4)
FNF:5
FNH:5
FNDA:4,(anonymous_0)
FNDA:4,(anonymous_1)
FNDA:5,(anonymous_2)
FNDA:5,(anonymous_3)
FNDA:6,(anonymous_4)
DA:1,2
DA:2,2
DA:4,2
DA:5,4
DA:6,3
DA:9,2
DA:10,4
DA:11,2
DA:14,2
DA:15,5
DA:16,3
DA:19,2
DA:20,5
DA:21,3
DA:24,2
DA:25,6
DA:26,3
LF:17
LH:17
BRDA:16,0,0,1
BRDA:16,0,1,2
BRDA:21,1,0,1
BRDA:21,1,1,2
BRDA:26,2,0,1
BRDA:26,2,1,2
BRF:6
BRH:6
end_of_record
TN:
SF:middleware/async.js
FN:1,(anonymous_0)
FN:1,(anonymous_1)
FNF:2
FNH:2
FNDA:12,(anonymous_0)
FNDA:28,(anonymous_1)
DA:1,12
DA:2,28
DA:4,2
LF:3
LH:3
BRF:0
BRH:0
end_of_record
TN:
SF:middleware/auth.js
FN:4,(anonymous_0)
FNF:1
FNH:1
FNDA:2,(anonymous_0)
DA:2,1
DA:4,1
DA:5,2
DA:6,2
DA:7,2
DA:10,2
DA:11,2
DA:15,0
DA:18,0
DA:21,0
DA:22,0
DA:26,0
DA:32,0
DA:33,0
DA:34,0
DA:35,0
DA:39,0
LF:17
LH:7
BRDA:10,0,0,2
BRDA:10,0,1,0
BRDA:10,1,0,2
BRDA:10,1,1,0
BRDA:10,1,2,0
BRDA:21,2,0,0
BRDA:21,2,1,0
BRDA:34,3,0,0
BRDA:34,3,1,0
BRF:9
BRH:2
end_of_record
TN:
SF:model/todo.model.js
FNF:0
FNH:0
DA:1,2
DA:3,2
DA:16,2
DA:18,2
LF:4
LH:4
BRF:0
BRH:0
end_of_record
TN:
SF:routes/todo.routes.js
FNF:0
FNH:0
DA:1,1
DA:2,1
DA:3,1
DA:4,1
DA:6,1
DA:7,1
DA:8,1
DA:9,1
DA:10,1
DA:12,1
LF:10
LH:10
BRF:0
BRH:0
end_of_record
