TN:
SF:controllers/todo.controller.js
FN:4,(anonymous_0)
FN:9,(anonymous_1)
FN:14,(anonymous_2)
FN:19,(anonymous_3)
FN:24,(anonymous_4)
FNF:5
FNH:5
FNDA:4,(anonymous_0)
FNDA:3,(anonymous_1)
FNDA:4,(anonymous_2)
FNDA:4,(anonymous_3)
FNDA:4,(anonymous_4)
DA:1,1
DA:2,1
DA:4,1
DA:5,4
DA:6,3
DA:9,1
DA:10,3
DA:11,2
DA:14,1
DA:15,4
DA:16,3
DA:19,1
DA:20,4
DA:21,3
DA:24,1
DA:25,4
DA:26,3
LF:17
LH:17
BRDA:16,0,0,1
BRDA:16,0,1,2
BRDA:21,1,0,1
BRDA:21,1,1,2
BRDA:26,2,0,1
BRDA:26,2,1,2
BRF:6
BRH:6
end_of_record
TN:
SF:middleware/async.js
FN:1,(anonymous_0)
FN:1,(anonymous_1)
FNF:2
FNH:2
FNDA:5,(anonymous_0)
FNDA:19,(anonymous_1)
DA:1,5
DA:2,19
DA:4,1
LF:3
LH:3
BRF:0
BRH:0
end_of_record
TN:
SF:model/todo.model.js
FNF:0
FNH:0
DA:1,1
DA:3,1
DA:16,1
DA:18,1
LF:4
LH:4
BRF:0
BRH:0
end_of_record
